Building DAG of jobs...
Using shell: /bin/bash
Provided cores: 16
Rules claiming more threads will be scaled down.
Job stats:
job                        count    min threads    max threads
-----------------------  -------  -------------  -------------
all                            1              1              1
filter_comm_panel_genes       12              1              1
gzip_comm_panel_genes         12              1              1
total                         25              1              1

Select jobs to execute...

[Thu Apr 17 10:55:58 2025]
rule filter_comm_panel_genes:
    input: data/sample1.bed.gz
    output: data/tempus/sample1.bed
    jobid: 4
    reason: Missing output files: data/tempus/sample1.bed
    wildcards: comm_panel=tempus, sample=sample1
    resources: tmpdir=/tmp


[Thu Apr 17 10:55:58 2025]
rule filter_comm_panel_genes:
    input: data/sample1.bed.gz
    output: data/guardant/sample1.bed
    jobid: 6
    reason: Missing output files: data/guardant/sample1.bed
    wildcards: comm_panel=guardant, sample=sample1
    resources: tmpdir=/tmp


[Thu Apr 17 10:55:58 2025]
rule filter_comm_panel_genes:
    input: data/sample1.bed.gz
    output: data/foundationOne/sample1.bed
    jobid: 8
    reason: Missing output files: data/foundationOne/sample1.bed
    wildcards: comm_panel=foundationOne, sample=sample1
    resources: tmpdir=/tmp


[Thu Apr 17 10:55:58 2025]
rule filter_comm_panel_genes:
    input: data/sample2.bed.gz
    output: data/default/sample2.bed
    jobid: 10
    reason: Missing output files: data/default/sample2.bed
    wildcards: comm_panel=default, sample=sample2
    resources: tmpdir=/tmp


[Thu Apr 17 10:55:58 2025]
rule filter_comm_panel_genes:
    input: data/sample2.bed.gz
    output: data/tempus/sample2.bed
    jobid: 12
    reason: Missing output files: data/tempus/sample2.bed
    wildcards: comm_panel=tempus, sample=sample2
    resources: tmpdir=/tmp


[Thu Apr 17 10:55:58 2025]
rule filter_comm_panel_genes:
    input: data/sample2.bed.gz
    output: data/guardant/sample2.bed
    jobid: 14
    reason: Missing output files: data/guardant/sample2.bed
    wildcards: comm_panel=guardant, sample=sample2
    resources: tmpdir=/tmp


[Thu Apr 17 10:55:58 2025]
rule filter_comm_panel_genes:
    input: data/sample2.bed.gz
    output: data/foundationOne/sample2.bed
    jobid: 16
    reason: Missing output files: data/foundationOne/sample2.bed
    wildcards: comm_panel=foundationOne, sample=sample2
    resources: tmpdir=/tmp


[Thu Apr 17 10:55:58 2025]
rule filter_comm_panel_genes:
    input: data/sample1.bed.gz
    output: data/default/sample1.bed
    jobid: 2
    reason: Missing output files: data/default/sample1.bed
    wildcards: comm_panel=default, sample=sample1
    resources: tmpdir=/tmp


[Thu Apr 17 10:55:58 2025]
rule filter_comm_panel_genes:
    input: data/sample3.bed.gz
    output: data/default/sample3.bed
    jobid: 18
    reason: Missing output files: data/default/sample3.bed
    wildcards: comm_panel=default, sample=sample3
    resources: tmpdir=/tmp


[Thu Apr 17 10:55:58 2025]
rule filter_comm_panel_genes:
    input: data/sample3.bed.gz
    output: data/tempus/sample3.bed
    jobid: 20
    reason: Missing output files: data/tempus/sample3.bed
    wildcards: comm_panel=tempus, sample=sample3
    resources: tmpdir=/tmp


[Thu Apr 17 10:55:58 2025]
rule filter_comm_panel_genes:
    input: data/sample3.bed.gz
    output: data/guardant/sample3.bed
    jobid: 22
    reason: Missing output files: data/guardant/sample3.bed
    wildcards: comm_panel=guardant, sample=sample3
    resources: tmpdir=/tmp


[Thu Apr 17 10:55:58 2025]
rule filter_comm_panel_genes:
    input: data/sample3.bed.gz
    output: data/foundationOne/sample3.bed
    jobid: 24
    reason: Missing output files: data/foundationOne/sample3.bed
    wildcards: comm_panel=foundationOne, sample=sample3
    resources: tmpdir=/tmp

[Thu Apr 17 10:56:16 2025]
Finished job 24.
1 of 25 steps (4%) done
Select jobs to execute...

[Thu Apr 17 10:56:16 2025]
rule gzip_comm_panel_genes:
    input: data/foundationOne/sample3.bed
    output: data/foundationOne/sample3.bed.gz
    jobid: 23
    reason: Missing output files: data/foundationOne/sample3.bed.gz; Input files updated by another job: data/foundationOne/sample3.bed
    wildcards: comm_panel=foundationOne, sample=sample3
    resources: tmpdir=/tmp

[Thu Apr 17 10:56:17 2025]
Finished job 23.
2 of 25 steps (8%) done
[Thu Apr 17 10:56:18 2025]
Finished job 20.
3 of 25 steps (12%) done
Select jobs to execute...

[Thu Apr 17 10:56:18 2025]
rule gzip_comm_panel_genes:
    input: data/tempus/sample3.bed
    output: data/tempus/sample3.bed.gz
    jobid: 19
    reason: Missing output files: data/tempus/sample3.bed.gz; Input files updated by another job: data/tempus/sample3.bed; Set of input files has changed since last execution; Code has changed since last execution
    wildcards: comm_panel=tempus, sample=sample3
    resources: tmpdir=/tmp

[Thu Apr 17 10:56:18 2025]
Finished job 18.
4 of 25 steps (16%) done
Select jobs to execute...

[Thu Apr 17 10:56:18 2025]
rule gzip_comm_panel_genes:
    input: data/default/sample3.bed
    output: data/default/sample3.bed.gz
    jobid: 17
    reason: Missing output files: data/default/sample3.bed.gz; Input files updated by another job: data/default/sample3.bed
    wildcards: comm_panel=default, sample=sample3
    resources: tmpdir=/tmp

[Thu Apr 17 10:56:18 2025]
Finished job 19.
5 of 25 steps (20%) done
[Thu Apr 17 10:56:18 2025]
Finished job 22.
6 of 25 steps (24%) done
Select jobs to execute...

[Thu Apr 17 10:56:18 2025]
rule gzip_comm_panel_genes:
    input: data/guardant/sample3.bed
    output: data/guardant/sample3.bed.gz
    jobid: 21
    reason: Missing output files: data/guardant/sample3.bed.gz; Input files updated by another job: data/guardant/sample3.bed
    wildcards: comm_panel=guardant, sample=sample3
    resources: tmpdir=/tmp

[Thu Apr 17 10:56:18 2025]
Finished job 21.
7 of 25 steps (28%) done
[Thu Apr 17 10:56:21 2025]
Finished job 17.
8 of 25 steps (32%) done
[Thu Apr 17 10:56:22 2025]
Finished job 6.
9 of 25 steps (36%) done
Select jobs to execute...

[Thu Apr 17 10:56:22 2025]
rule gzip_comm_panel_genes:
    input: data/guardant/sample1.bed
    output: data/guardant/sample1.bed.gz
    jobid: 5
    reason: Missing output files: data/guardant/sample1.bed.gz; Input files updated by another job: data/guardant/sample1.bed
    wildcards: comm_panel=guardant, sample=sample1
    resources: tmpdir=/tmp

[Thu Apr 17 10:56:22 2025]
Finished job 5.
10 of 25 steps (40%) done
[Thu Apr 17 10:56:23 2025]
Finished job 12.
11 of 25 steps (44%) done
Select jobs to execute...

[Thu Apr 17 10:56:23 2025]
rule gzip_comm_panel_genes:
    input: data/tempus/sample2.bed
    output: data/tempus/sample2.bed.gz
    jobid: 11
    reason: Missing output files: data/tempus/sample2.bed.gz; Input files updated by another job: data/tempus/sample2.bed
    wildcards: comm_panel=tempus, sample=sample2
    resources: tmpdir=/tmp

[Thu Apr 17 10:56:23 2025]
Finished job 4.
12 of 25 steps (48%) done
Select jobs to execute...

[Thu Apr 17 10:56:23 2025]
rule gzip_comm_panel_genes:
    input: data/tempus/sample1.bed
    output: data/tempus/sample1.bed.gz
    jobid: 3
    reason: Missing output files: data/tempus/sample1.bed.gz; Input files updated by another job: data/tempus/sample1.bed
    wildcards: comm_panel=tempus, sample=sample1
    resources: tmpdir=/tmp

[Thu Apr 17 10:56:23 2025]
Finished job 8.
13 of 25 steps (52%) done
Select jobs to execute...

[Thu Apr 17 10:56:23 2025]
rule gzip_comm_panel_genes:
    input: data/foundationOne/sample1.bed
    output: data/foundationOne/sample1.bed.gz
    jobid: 7
    reason: Missing output files: data/foundationOne/sample1.bed.gz; Input files updated by another job: data/foundationOne/sample1.bed; Set of input files has changed since last execution; Code has changed since last execution
    wildcards: comm_panel=foundationOne, sample=sample1
    resources: tmpdir=/tmp

[Thu Apr 17 10:56:23 2025]
Finished job 16.
14 of 25 steps (56%) done
Select jobs to execute...

[Thu Apr 17 10:56:23 2025]
rule gzip_comm_panel_genes:
    input: data/foundationOne/sample2.bed
    output: data/foundationOne/sample2.bed.gz
    jobid: 15
    reason: Missing output files: data/foundationOne/sample2.bed.gz; Input files updated by another job: data/foundationOne/sample2.bed
    wildcards: comm_panel=foundationOne, sample=sample2
    resources: tmpdir=/tmp

[Thu Apr 17 10:56:23 2025]
Finished job 10.
15 of 25 steps (60%) done
Select jobs to execute...

[Thu Apr 17 10:56:23 2025]
rule gzip_comm_panel_genes:
    input: data/default/sample2.bed
    output: data/default/sample2.bed.gz
    jobid: 9
    reason: Missing output files: data/default/sample2.bed.gz; Input files updated by another job: data/default/sample2.bed; Set of input files has changed since last execution; Code has changed since last execution
    wildcards: comm_panel=default, sample=sample2
    resources: tmpdir=/tmp

[Thu Apr 17 10:56:23 2025]
Finished job 2.
16 of 25 steps (64%) done
Select jobs to execute...

[Thu Apr 17 10:56:23 2025]
rule gzip_comm_panel_genes:
    input: data/default/sample1.bed
    output: data/default/sample1.bed.gz
    jobid: 1
    reason: Missing output files: data/default/sample1.bed.gz; Input files updated by another job: data/default/sample1.bed
    wildcards: comm_panel=default, sample=sample1
    resources: tmpdir=/tmp

[Thu Apr 17 10:56:23 2025]
Finished job 14.
17 of 25 steps (68%) done
Select jobs to execute...

[Thu Apr 17 10:56:23 2025]
rule gzip_comm_panel_genes:
    input: data/guardant/sample2.bed
    output: data/guardant/sample2.bed.gz
    jobid: 13
    reason: Missing output files: data/guardant/sample2.bed.gz; Input files updated by another job: data/guardant/sample2.bed
    wildcards: comm_panel=guardant, sample=sample2
    resources: tmpdir=/tmp

[Thu Apr 17 10:56:23 2025]
Finished job 11.
18 of 25 steps (72%) done
[Thu Apr 17 10:56:23 2025]
Finished job 3.
19 of 25 steps (76%) done
[Thu Apr 17 10:56:24 2025]
Finished job 13.
20 of 25 steps (80%) done
[Thu Apr 17 10:56:24 2025]
Finished job 7.
21 of 25 steps (84%) done
[Thu Apr 17 10:56:24 2025]
Finished job 15.
22 of 25 steps (88%) done
[Thu Apr 17 10:56:28 2025]
Finished job 1.
23 of 25 steps (92%) done
[Thu Apr 17 10:56:29 2025]
Finished job 9.
24 of 25 steps (96%) done
Select jobs to execute...

[Thu Apr 17 10:56:29 2025]
localrule all:
    input: data/default/sample1.bed.gz, data/tempus/sample1.bed.gz, data/guardant/sample1.bed.gz, data/foundationOne/sample1.bed.gz, data/default/sample2.bed.gz, data/tempus/sample2.bed.gz, data/guardant/sample2.bed.gz, data/foundationOne/sample2.bed.gz, data/default/sample3.bed.gz, data/tempus/sample3.bed.gz, data/guardant/sample3.bed.gz, data/foundationOne/sample3.bed.gz, output/fragstats/SE_files/sample1.txt.gz, output/fragstats/SE_files/sample2.txt.gz, output/fragstats/SE_files/sample3.txt.gz, output/metrics/se/sample1.SE.tsv, output/metrics/se/sample2.SE.tsv, output/metrics/se/sample3.SE.tsv, output/fragstats/depth_files/sample1.txt, output/fragstats/depth_files/sample2.txt, output/fragstats/depth_files/sample3.txt, output/metrics/depth/sample1.depth.tsv, output/metrics/depth/sample2.depth.tsv, output/metrics/depth/sample3.depth.tsv, output/metrics/frag_bins/sample1.fragbins.tsv, output/metrics/frag_bins/sample2.fragbins.tsv, output/metrics/frag_bins/sample3.fragbins.tsv, output/metrics/small_frags/sample1.smallfrag.tsv, output/metrics/small_frags/sample2.smallfrag.tsv, output/metrics/small_frags/sample3.smallfrag.tsv, output/metrics/full_gene_depth/sample1.fullgenedepth.tsv, output/metrics/full_gene_depth/sample2.fullgenedepth.tsv, output/metrics/full_gene_depth/sample3.fullgenedepth.tsv, output/metrics/mds/sample1_mds.txt, output/metrics/mds/sample2_mds.txt, output/metrics/mds/sample3_mds.txt, output/metrics/TFBS_entropy/sample1_TFBS_frag_count.txt.gz, output/metrics/TFBS_entropy/sample2_TFBS_frag_count.txt.gz, output/metrics/TFBS_entropy/sample3_TFBS_frag_count.txt.gz, output/metrics/TFBS_entropy/sample1_TFBS_entropy.txt, output/metrics/TFBS_entropy/sample2_TFBS_entropy.txt, output/metrics/TFBS_entropy/sample3_TFBS_entropy.txt, output/metrics/ATAC_entropy/sample1_ATAC_frag_count.txt.gz, output/metrics/ATAC_entropy/sample2_ATAC_frag_count.txt.gz, output/metrics/ATAC_entropy/sample3_ATAC_frag_count.txt.gz, output/metrics/ATAC_entropy/sample1_ATAC_entropy.txt, output/metrics/ATAC_entropy/sample2_ATAC_entropy.txt, output/metrics/ATAC_entropy/sample3_ATAC_entropy.txt, output/feature_tables/se.rds, output/feature_tables/depth.rds, output/feature_tables/frag_bins.rds, output/feature_tables/small_frags.rds, output/feature_tables/full_gene_depth.rds, output/feature_tables/mds.rds, output/feature_tables/TFBS_entropy.rds, output/feature_tables/ATAC_entropy.rds
    jobid: 0
    reason: Input files updated by another job: data/tempus/sample1.bed.gz, data/foundationOne/sample3.bed.gz, data/tempus/sample2.bed.gz, data/default/sample2.bed.gz, data/guardant/sample2.bed.gz, data/default/sample3.bed.gz, data/guardant/sample1.bed.gz, data/default/sample1.bed.gz, data/tempus/sample3.bed.gz, data/foundationOne/sample2.bed.gz, data/guardant/sample3.bed.gz, data/foundationOne/sample1.bed.gz
    resources: tmpdir=/tmp

[Thu Apr 17 10:56:29 2025]
Finished job 0.
25 of 25 steps (100%) done
Complete log: .snakemake/log/2025-04-17T105558.345049.snakemake.log
