Building DAG of jobs...
Using shell: /bin/bash
Provided cores: 16
Rules claiming more threads will be scaled down.
Job stats:
job                        count    min threads    max threads
-----------------------  -------  -------------  -------------
all                            1              1              1
filter_comm_panel_genes       12              1              1
total                         13              1              1

Select jobs to execute...

[Thu Apr 17 10:52:45 2025]
rule filter_comm_panel_genes:
    input: data/sample1.bed.gz
    output: data/default/sample1.bed.gz
    jobid: 1
    reason: Missing output files: data/default/sample1.bed.gz
    wildcards: comm_panel=default, sample=sample1
    resources: tmpdir=/tmp


[Thu Apr 17 10:52:45 2025]
rule filter_comm_panel_genes:
    input: data/sample1.bed.gz
    output: data/foundationOne/sample1.bed.gz
    jobid: 4
    reason: Missing output files: data/foundationOne/sample1.bed.gz
    wildcards: comm_panel=foundationOne, sample=sample1
    resources: tmpdir=/tmp


[Thu Apr 17 10:52:45 2025]
rule filter_comm_panel_genes:
    input: data/sample2.bed.gz
    output: data/tempus/sample2.bed.gz
    jobid: 6
    reason: Missing output files: data/tempus/sample2.bed.gz
    wildcards: comm_panel=tempus, sample=sample2
    resources: tmpdir=/tmp


[Thu Apr 17 10:52:45 2025]
rule filter_comm_panel_genes:
    input: data/sample2.bed.gz
    output: data/foundationOne/sample2.bed.gz
    jobid: 8
    reason: Missing output files: data/foundationOne/sample2.bed.gz
    wildcards: comm_panel=foundationOne, sample=sample2
    resources: tmpdir=/tmp


[Thu Apr 17 10:52:45 2025]
rule filter_comm_panel_genes:
    input: data/sample3.bed.gz
    output: data/tempus/sample3.bed.gz
    jobid: 10
    reason: Missing output files: data/tempus/sample3.bed.gz
    wildcards: comm_panel=tempus, sample=sample3
    resources: tmpdir=/tmp


[Thu Apr 17 10:52:45 2025]
rule filter_comm_panel_genes:
    input: data/sample3.bed.gz
    output: data/foundationOne/sample3.bed.gz
    jobid: 12
    reason: Missing output files: data/foundationOne/sample3.bed.gz
    wildcards: comm_panel=foundationOne, sample=sample3
    resources: tmpdir=/tmp


[Thu Apr 17 10:52:45 2025]
rule filter_comm_panel_genes:
    input: data/sample1.bed.gz
    output: data/tempus/sample1.bed.gz
    jobid: 2
    reason: Missing output files: data/tempus/sample1.bed.gz
    wildcards: comm_panel=tempus, sample=sample1
    resources: tmpdir=/tmp


[Thu Apr 17 10:52:45 2025]
rule filter_comm_panel_genes:
    input: data/sample1.bed.gz
    output: data/guardant/sample1.bed.gz
    jobid: 3
    reason: Missing output files: data/guardant/sample1.bed.gz
    wildcards: comm_panel=guardant, sample=sample1
    resources: tmpdir=/tmp


[Thu Apr 17 10:52:45 2025]
rule filter_comm_panel_genes:
    input: data/sample2.bed.gz
    output: data/default/sample2.bed.gz
    jobid: 5
    reason: Missing output files: data/default/sample2.bed.gz
    wildcards: comm_panel=default, sample=sample2
    resources: tmpdir=/tmp


[Thu Apr 17 10:52:45 2025]
rule filter_comm_panel_genes:
    input: data/sample2.bed.gz
    output: data/guardant/sample2.bed.gz
    jobid: 7
    reason: Missing output files: data/guardant/sample2.bed.gz
    wildcards: comm_panel=guardant, sample=sample2
    resources: tmpdir=/tmp


[Thu Apr 17 10:52:45 2025]
rule filter_comm_panel_genes:
    input: data/sample3.bed.gz
    output: data/default/sample3.bed.gz
    jobid: 9
    reason: Missing output files: data/default/sample3.bed.gz
    wildcards: comm_panel=default, sample=sample3
    resources: tmpdir=/tmp


[Thu Apr 17 10:52:45 2025]
rule filter_comm_panel_genes:
    input: data/sample3.bed.gz
    output: data/guardant/sample3.bed.gz
    jobid: 11
    reason: Missing output files: data/guardant/sample3.bed.gz
    wildcards: comm_panel=guardant, sample=sample3
    resources: tmpdir=/tmp

[Thu Apr 17 10:53:08 2025]
Finished job 10.
1 of 13 steps (8%) done
[Thu Apr 17 10:53:15 2025]
Finished job 4.
2 of 13 steps (15%) done
[Thu Apr 17 10:53:17 2025]
Finished job 5.
3 of 13 steps (23%) done
Terminating processes on user request, this might take some time.
Cancelling snakemake on user request.
