Building DAG of jobs...
Using shell: /bin/bash
Provided cores: 64
Rules claiming more threads will be scaled down.
Job stats:
job                           count    min threads    max threads
--------------------------  -------  -------------  -------------
all                               1              1              1
build_combined_ft                 4              1              1
build_feature_tables              4              1              1
calculate_ATAC_entropy            8              1              1
calculate_MDS                     8              1              1
calculate_SE                      8              1              1
calculate_TFBS_entropy            8              1              1
calculate_frag_bins               8              1              1
calculate_full_gene_depth         8              1              1
calculate_normalized_depth        8              1              1
calculate_small_frags             8              1              1
extract_first_exon                4              1              1
filter_comm_panel_genes           8              1              1
get_SE_fragstats                  8              1              1
get_depth_fragstats               8              1              1
get_left_4mer                     8              1              1
get_right_4mer                    8              1              1
gzip_comm_panel_genes             8              1              1
overlap_ATAC                      8              1              1
overlap_TFBS                      8              1              1
total                           141              1              1

Select jobs to execute...

[Wed Apr 23 10:17:07 2025]
rule filter_comm_panel_genes:
    input: data/grail/beds/MRL0001CH.bed.gz
    output: data/grail/beds/tempus/MRL0001CH.bed
    jobid: 4
    reason: Missing output files: data/grail/beds/tempus/MRL0001CH.bed; Updated input files: data/grail/beds/MRL0001CH.bed.gz
    wildcards: comm_panel=tempus, sample=MRL0001CH
    resources: tmpdir=/tmp


[Wed Apr 23 10:17:07 2025]
rule filter_comm_panel_genes:
    input: data/grail/beds/MRL0001CH.bed.gz
    output: data/grail/beds/guardant/MRL0001CH.bed
    jobid: 6
    reason: Missing output files: data/grail/beds/guardant/MRL0001CH.bed; Updated input files: data/grail/beds/MRL0001CH.bed.gz
    wildcards: comm_panel=guardant, sample=MRL0001CH
    resources: tmpdir=/tmp


[Wed Apr 23 10:17:07 2025]
rule filter_comm_panel_genes:
    input: data/grail/beds/MRL0001CH.bed.gz
    output: data/grail/beds/foundationOne/MRL0001CH.bed
    jobid: 8
    reason: Missing output files: data/grail/beds/foundationOne/MRL0001CH.bed; Updated input files: data/grail/beds/MRL0001CH.bed.gz
    wildcards: comm_panel=foundationOne, sample=MRL0001CH
    resources: tmpdir=/tmp


[Wed Apr 23 10:17:07 2025]
rule filter_comm_panel_genes:
    input: data/grail/beds/MRL0002CH.bed.gz
    output: data/grail/beds/default/MRL0002CH.bed
    jobid: 10
    reason: Missing output files: data/grail/beds/default/MRL0002CH.bed; Updated input files: data/grail/beds/MRL0002CH.bed.gz
    wildcards: comm_panel=default, sample=MRL0002CH
    resources: tmpdir=/tmp


[Wed Apr 23 10:17:07 2025]
rule filter_comm_panel_genes:
    input: data/grail/beds/MRL0002CH.bed.gz
    output: data/grail/beds/tempus/MRL0002CH.bed
    jobid: 12
    reason: Missing output files: data/grail/beds/tempus/MRL0002CH.bed; Updated input files: data/grail/beds/MRL0002CH.bed.gz
    wildcards: comm_panel=tempus, sample=MRL0002CH
    resources: tmpdir=/tmp


[Wed Apr 23 10:17:07 2025]
rule filter_comm_panel_genes:
    input: data/grail/beds/MRL0002CH.bed.gz
    output: data/grail/beds/guardant/MRL0002CH.bed
    jobid: 14
    reason: Missing output files: data/grail/beds/guardant/MRL0002CH.bed; Updated input files: data/grail/beds/MRL0002CH.bed.gz
    wildcards: comm_panel=guardant, sample=MRL0002CH
    resources: tmpdir=/tmp


[Wed Apr 23 10:17:07 2025]
rule filter_comm_panel_genes:
    input: data/grail/beds/MRL0002CH.bed.gz
    output: data/grail/beds/foundationOne/MRL0002CH.bed
    jobid: 16
    reason: Missing output files: data/grail/beds/foundationOne/MRL0002CH.bed; Updated input files: data/grail/beds/MRL0002CH.bed.gz
    wildcards: comm_panel=foundationOne, sample=MRL0002CH
    resources: tmpdir=/tmp


[Wed Apr 23 10:17:07 2025]
rule filter_comm_panel_genes:
    input: data/grail/beds/MRL0001CH.bed.gz
    output: data/grail/beds/default/MRL0001CH.bed
    jobid: 2
    reason: Missing output files: data/grail/beds/default/MRL0001CH.bed; Updated input files: data/grail/beds/MRL0001CH.bed.gz
    wildcards: comm_panel=default, sample=MRL0001CH
    resources: tmpdir=/tmp

Terminating processes on user request, this might take some time.
