Building DAG of jobs...
Using shell: /bin/bash
Provided cores: 16
Rules claiming more threads will be scaled down.
Job stats:
job                     count    min threads    max threads
--------------------  -------  -------------  -------------
all                         1              1              1
build_feature_tables        1              1              1
total                       2              1              1

Select jobs to execute...

[Tue Apr 22 17:37:53 2025]
rule build_feature_tables:
    input: output/mixing_data/metrics/se/MRL0002CH_MRL0001CH_1_99.SE.tsv, output/mixing_data/metrics/se/MRL0002CH_MRL0001CH_5_95.SE.tsv, output/mixing_data/metrics/se/MRL0002CH_MRL0001CH_10_90.SE.tsv, output/mixing_data/metrics/se/MRL0002CH_MRL0001CH_25_75.SE.tsv, output/mixing_data/metrics/se/MRL0002CH_MRL0001CH_50_50.SE.tsv, output/mixing_data/metrics/depth/MRL0002CH_MRL0001CH_1_99.depth.tsv, output/mixing_data/metrics/depth/MRL0002CH_MRL0001CH_5_95.depth.tsv, output/mixing_data/metrics/depth/MRL0002CH_MRL0001CH_10_90.depth.tsv, output/mixing_data/metrics/depth/MRL0002CH_MRL0001CH_25_75.depth.tsv, output/mixing_data/metrics/depth/MRL0002CH_MRL0001CH_50_50.depth.tsv, output/mixing_data/metrics/frag_bins/MRL0002CH_MRL0001CH_1_99.fragbins.tsv, output/mixing_data/metrics/frag_bins/MRL0002CH_MRL0001CH_5_95.fragbins.tsv, output/mixing_data/metrics/frag_bins/MRL0002CH_MRL0001CH_10_90.fragbins.tsv, output/mixing_data/metrics/frag_bins/MRL0002CH_MRL0001CH_25_75.fragbins.tsv, output/mixing_data/metrics/frag_bins/MRL0002CH_MRL0001CH_50_50.fragbins.tsv, output/mixing_data/metrics/small_frags/MRL0002CH_MRL0001CH_1_99.smallfrag.tsv, output/mixing_data/metrics/small_frags/MRL0002CH_MRL0001CH_5_95.smallfrag.tsv, output/mixing_data/metrics/small_frags/MRL0002CH_MRL0001CH_10_90.smallfrag.tsv, output/mixing_data/metrics/small_frags/MRL0002CH_MRL0001CH_25_75.smallfrag.tsv, output/mixing_data/metrics/small_frags/MRL0002CH_MRL0001CH_50_50.smallfrag.tsv, output/mixing_data/metrics/full_gene_depth/MRL0002CH_MRL0001CH_1_99.fullgenedepth.tsv, output/mixing_data/metrics/full_gene_depth/MRL0002CH_MRL0001CH_5_95.fullgenedepth.tsv, output/mixing_data/metrics/full_gene_depth/MRL0002CH_MRL0001CH_10_90.fullgenedepth.tsv, output/mixing_data/metrics/full_gene_depth/MRL0002CH_MRL0001CH_25_75.fullgenedepth.tsv, output/mixing_data/metrics/full_gene_depth/MRL0002CH_MRL0001CH_50_50.fullgenedepth.tsv, output/mixing_data/metrics/mds/MRL0002CH_MRL0001CH_1_99_mds.txt, output/mixing_data/metrics/mds/MRL0002CH_MRL0001CH_5_95_mds.txt, output/mixing_data/metrics/mds/MRL0002CH_MRL0001CH_10_90_mds.txt, output/mixing_data/metrics/mds/MRL0002CH_MRL0001CH_25_75_mds.txt, output/mixing_data/metrics/mds/MRL0002CH_MRL0001CH_50_50_mds.txt, output/mixing_data/metrics/TFBS_entropy/MRL0002CH_MRL0001CH_1_99_TFBS_entropy.txt, output/mixing_data/metrics/TFBS_entropy/MRL0002CH_MRL0001CH_5_95_TFBS_entropy.txt, output/mixing_data/metrics/TFBS_entropy/MRL0002CH_MRL0001CH_10_90_TFBS_entropy.txt, output/mixing_data/metrics/TFBS_entropy/MRL0002CH_MRL0001CH_25_75_TFBS_entropy.txt, output/mixing_data/metrics/TFBS_entropy/MRL0002CH_MRL0001CH_50_50_TFBS_entropy.txt, output/mixing_data/metrics/ATAC_entropy/MRL0002CH_MRL0001CH_1_99_ATAC_entropy.txt, output/mixing_data/metrics/ATAC_entropy/MRL0002CH_MRL0001CH_5_95_ATAC_entropy.txt, output/mixing_data/metrics/ATAC_entropy/MRL0002CH_MRL0001CH_10_90_ATAC_entropy.txt, output/mixing_data/metrics/ATAC_entropy/MRL0002CH_MRL0001CH_25_75_ATAC_entropy.txt, output/mixing_data/metrics/ATAC_entropy/MRL0002CH_MRL0001CH_50_50_ATAC_entropy.txt
    output: output/mixing_data/feature_tables/se.rds, output/mixing_data/feature_tables/depth.rds, output/mixing_data/feature_tables/frag_bins.rds, output/mixing_data/feature_tables/small_frags.rds, output/mixing_data/feature_tables/full_gene_depth.rds, output/mixing_data/feature_tables/mds.rds, output/mixing_data/feature_tables/TFBS_entropy.rds, output/mixing_data/feature_tables/ATAC_entropy.rds
    jobid: 16
    reason: Missing output files: output/mixing_data/feature_tables/small_frags.rds, output/mixing_data/feature_tables/full_gene_depth.rds, output/mixing_data/feature_tables/depth.rds, output/mixing_data/feature_tables/TFBS_entropy.rds, output/mixing_data/feature_tables/ATAC_entropy.rds, output/mixing_data/feature_tables/frag_bins.rds, output/mixing_data/feature_tables/mds.rds, output/mixing_data/feature_tables/se.rds
    resources: tmpdir=/tmp

[Tue Apr 22 17:38:30 2025]
Finished job 16.
1 of 2 steps (50%) done
Select jobs to execute...

[Tue Apr 22 17:38:30 2025]
localrule all:
    input: data/grail/mixed_samples/MRL0002CH_MRL0001CH_1_99.bed.gz, data/grail/mixed_samples/MRL0002CH_MRL0001CH_5_95.bed.gz, data/grail/mixed_samples/MRL0002CH_MRL0001CH_10_90.bed.gz, data/grail/mixed_samples/MRL0002CH_MRL0001CH_25_75.bed.gz, data/grail/mixed_samples/MRL0002CH_MRL0001CH_50_50.bed.gz, output/mixing_data/feature_tables/se.rds, output/mixing_data/feature_tables/depth.rds, output/mixing_data/feature_tables/frag_bins.rds, output/mixing_data/feature_tables/small_frags.rds, output/mixing_data/feature_tables/full_gene_depth.rds, output/mixing_data/feature_tables/mds.rds, output/mixing_data/feature_tables/TFBS_entropy.rds, output/mixing_data/feature_tables/ATAC_entropy.rds
    jobid: 0
    reason: Input files updated by another job: output/mixing_data/feature_tables/small_frags.rds, output/mixing_data/feature_tables/full_gene_depth.rds, output/mixing_data/feature_tables/depth.rds, output/mixing_data/feature_tables/TFBS_entropy.rds, output/mixing_data/feature_tables/ATAC_entropy.rds, output/mixing_data/feature_tables/frag_bins.rds, output/mixing_data/feature_tables/mds.rds, output/mixing_data/feature_tables/se.rds
    resources: tmpdir=/tmp

[Tue Apr 22 17:38:30 2025]
Finished job 0.
2 of 2 steps (100%) done
Complete log: .snakemake/log/2025-04-22T173752.989187.snakemake.log
