Building DAG of jobs...
Using shell: /bin/bash
Provided cores: 32
Rules claiming more threads will be scaled down.
Job stats:
job                           count    min threads    max threads
--------------------------  -------  -------------  -------------
all                               1              1              1
build_combined_ft                 4              1              1
build_feature_tables              4              1              1
calculate_ATAC_entropy            8              1              1
calculate_MDS                     8              1              1
calculate_SE                      8              1              1
calculate_TFBS_entropy            8              1              1
calculate_frag_bins               8              1              1
calculate_full_gene_depth         8              1              1
calculate_normalized_depth        8              1              1
calculate_small_frags             8              1              1
extract_first_exon                4              1              1
filter_comm_panel_genes           2              1              1
get_SE_fragstats                  8              1              1
get_depth_fragstats               8              1              1
get_left_4mer                     8              1              1
get_right_4mer                    8              1              1
move_comm_panels                  1              1              1
overlap_ATAC                      8              1              1
overlap_TFBS                      8              1              1
total                           128              1              1

Select jobs to execute...

[Wed Apr 23 11:29:34 2025]
rule filter_comm_panel_genes:
    input: data/MRL0002CH.bed.gz
    output: data/default/MRL0002CH.bed.gz, data/tempus/MRL0002CH.bed.gz, data/foundationOne/MRL0002CH.bed.gz, data/guardant/MRL0002CH.bed.gz
    jobid: 2
    reason: Missing output files: data/default/MRL0002CH.bed.gz, data/guardant/MRL0002CH.bed.gz, data/foundationOne/MRL0002CH.bed.gz, data/tempus/MRL0002CH.bed.gz; Updated input files: data/MRL0002CH.bed.gz
    wildcards: sample=MRL0002CH
    resources: tmpdir=/tmp


[Wed Apr 23 11:29:35 2025]
rule filter_comm_panel_genes:
    input: data/MRL0001CH.bed.gz
    output: data/default/MRL0001CH.bed.gz, data/tempus/MRL0001CH.bed.gz, data/foundationOne/MRL0001CH.bed.gz, data/guardant/MRL0001CH.bed.gz
    jobid: 1
    reason: Missing output files: data/guardant/MRL0001CH.bed.gz, data/default/MRL0001CH.bed.gz, data/tempus/MRL0001CH.bed.gz, data/foundationOne/MRL0001CH.bed.gz; Updated input files: data/MRL0001CH.bed.gz
    wildcards: sample=MRL0001CH
    resources: tmpdir=/tmp

Terminating processes on user request, this might take some time.
Cancelling snakemake on user request.
